<?xml version="1.0" encoding="UTF-8"?>
<!-- Generated by org.testng.reporters.JUnitReportReporter -->
<testsuite skipped="0" hostname="Shashidharswamy" name="com.test.Launch" tests="1" failures="0" timestamp="2022-10-10T13:20:53 IST" time="28.824" errors="0">
  <testcase name="test" time="28.824" classname="com.test.Launch"/>
  <system-out/>
</testsuite> <!-- com.test.Launch -->
